<?xml version="1.0" encoding="UTF-8"?>
<!-- Generated by org.testng.reporters.JUnitXMLReporter -->
<testsuite hostname="DESKTOP-NIPPIU2" name="JpetTestNG_register" tests="3" failures="0" timestamp="16 Jun 2021 15:22:24 GMT" time="17.777" errors="0">
  <testcase name="loginPage" time="13.612" classname="TestNGFramework.JpetTestNG"/>
  <testcase name="accountInfo" time="1.217" classname="TestNGFramework.JpetTestNG"/>
  <testcase name="profileInfo" time="2.906" classname="TestNGFramework.JpetTestNG"/>
</testsuite> <!-- JpetTestNG_register -->
