<?xml version="1.0" encoding="UTF-8"?>
<!-- Generated by org.testng.reporters.JUnitXMLReporter -->
<testsuite hostname="DESKTOP-NIPPIU2" name="YourLogo_Registration_Signout_Signin" tests="6" failures="0" timestamp="15 Jun 2021 16:27:12 GMT" time="87.138" errors="0">
  <testcase name="a_pageLoad" time="25.206" classname="TestNGFramework.YourLogoForTestNG"/>
  <testcase name="b_intialRegistration" time="18.133" classname="TestNGFramework.YourLogoForTestNG"/>
  <testcase name="c_personalInfo" time="32.334" classname="TestNGFramework.YourLogoForTestNG"/>
  <testcase name="d_addressinfo" time="5.883" classname="TestNGFramework.YourLogoForTestNG"/>
  <testcase name="e_signOut" time="3.277" classname="TestNGFramework.YourLogoForTestNG"/>
  <testcase name="f_Signin" time="2.258" classname="TestNGFramework.YourLogoForTestNG"/>
</testsuite> <!-- YourLogo_Registration_Signout_Signin -->
