<?xml version="1.0" encoding="UTF-8"?>
<testng-results skipped="0" failed="1" total="2" passed="1">
  <reporter-output>
  </reporter-output>
  <suite name="Default suite" duration-ms="86352" started-at="2021-06-22T16:46:31Z" finished-at="2021-06-22T16:47:57Z">
    <groups>
    </groups>
    <test name="Default test" duration-ms="86352" started-at="2021-06-22T16:46:31Z" finished-at="2021-06-22T16:47:57Z">
      <class name="TestNGFramework.TakingScreenshot">
        <test-method status="PASS" signature="a_PageLoad()[pri:0, instance:TestNGFramework.TakingScreenshot@5d5eef3d]" name="a_PageLoad" duration-ms="71322" started-at="2021-06-22T22:16:31Z" finished-at="2021-06-22T22:17:42Z">
          <reporter-output>
          </reporter-output>
        </test-method> <!-- a_PageLoad -->
        <test-method status="FAIL" signature="b_login()[pri:0, instance:TestNGFramework.TakingScreenshot@5d5eef3d]" name="b_login" duration-ms="14905" started-at="2021-06-22T22:17:42Z" finished-at="2021-06-22T22:17:57Z">
          <exception class="java.nio.file.FileSystemException">
            <message>
              <![CDATA[C:\Users\new\AppData\Local\Temp\screenshot5448947979148705320.png -> D:\Selenium Notes\screenshot\screenshot.png: The process cannot access the file because it is being used by another process.
]]>
            </message>
            <full-stacktrace>
              <![CDATA[java.nio.file.FileSystemException: C:\Users\new\AppData\Local\Temp\screenshot5448947979148705320.png -> D:\Selenium Notes\screenshot\screenshot.png: The process cannot access the file because it is being used by another process.

	at sun.nio.fs.WindowsException.translateToIOException(Unknown Source)
	at sun.nio.fs.WindowsException.rethrowAsIOException(Unknown Source)
	at sun.nio.fs.WindowsFileCopy.copy(Unknown Source)
	at sun.nio.fs.WindowsFileSystemProvider.copy(Unknown Source)
	at java.nio.file.Files.copy(Unknown Source)
	at org.apache.commons.io.FileUtils.copyFile(FileUtils.java:849)
	at org.apache.commons.io.FileUtils.copyFile(FileUtils.java:755)
	at TestNGFramework.TakingScreenshot.getscreenshot(TakingScreenshot.java:35)
	at TestNGFramework.TakingScreenshot.b_login(TakingScreenshot.java:28)
	at sun.reflect.NativeMethodAccessorImpl.invoke0(Native Method)
	at sun.reflect.NativeMethodAccessorImpl.invoke(Unknown Source)
	at sun.reflect.DelegatingMethodAccessorImpl.invoke(Unknown Source)
	at java.lang.reflect.Method.invoke(Unknown Source)
	at org.testng.internal.MethodInvocationHelper.invokeMethod(MethodInvocationHelper.java:100)
	at org.testng.internal.Invoker.invokeMethod(Invoker.java:646)
	at org.testng.internal.Invoker.invokeTestMethod(Invoker.java:811)
	at org.testng.internal.Invoker.invokeTestMethods(Invoker.java:1129)
	at org.testng.internal.TestMethodWorker.invokeTestMethods(TestMethodWorker.java:129)
	at org.testng.internal.TestMethodWorker.run(TestMethodWorker.java:112)
	at org.testng.TestRunner.privateRun(TestRunner.java:746)
	at org.testng.TestRunner.run(TestRunner.java:600)
	at org.testng.SuiteRunner.runTest(SuiteRunner.java:366)
	at org.testng.SuiteRunner.runSequentially(SuiteRunner.java:361)
	at org.testng.SuiteRunner.privateRun(SuiteRunner.java:319)
	at org.testng.SuiteRunner.run(SuiteRunner.java:268)
	at org.testng.SuiteRunnerWorker.runSuite(SuiteRunnerWorker.java:52)
	at org.testng.SuiteRunnerWorker.run(SuiteRunnerWorker.java:86)
	at org.testng.TestNG.runSuitesSequentially(TestNG.java:1264)
	at org.testng.TestNG.runSuitesLocally(TestNG.java:1189)
	at org.testng.TestNG.runSuites(TestNG.java:1104)
	at org.testng.TestNG.run(TestNG.java:1076)
	at org.testng.remote.AbstractRemoteTestNG.run(AbstractRemoteTestNG.java:126)
	at org.testng.remote.RemoteTestNG.initAndRun(RemoteTestNG.java:152)
	at org.testng.remote.RemoteTestNG.main(RemoteTestNG.java:57)
]]>
            </full-stacktrace>
          </exception> <!-- java.nio.file.FileSystemException -->
          <reporter-output>
          </reporter-output>
        </test-method> <!-- b_login -->
      </class> <!-- TestNGFramework.TakingScreenshot -->
    </test> <!-- Default test -->
  </suite> <!-- Default suite -->
</testng-results>
